\BOOKMARK [0][-]{chapter*.2}{Acknowledgments}{}% 1
\BOOKMARK [0][-]{chapter*.3}{Abstract}{}% 2
\BOOKMARK [0][-]{chapter.1}{Introduction}{}% 3
\BOOKMARK [1][-]{section.1.1}{List of Symbols}{chapter.1}% 4
\BOOKMARK [0][-]{chapter.2}{Preliminaries}{}% 5
\BOOKMARK [1][-]{section.2.1}{Rings, Fields, and Homomorphisms}{chapter.2}% 6
\BOOKMARK [1][-]{section.2.2}{Vector Spaces and Linear Maps}{chapter.2}% 7
\BOOKMARK [1][-]{section.2.3}{Complex Matrices}{chapter.2}% 8
\BOOKMARK [1][-]{section.2.4}{Basics of Quaternion Algebra}{chapter.2}% 9
\BOOKMARK [2][-]{subsection.2.4.1}{Addition and Multiplication}{section.2.4}% 10
\BOOKMARK [2][-]{subsection.2.4.2}{Other Operations and Properties}{section.2.4}% 11
\BOOKMARK [0][-]{chapter.3}{Quaternionic Linear Maps}{}% 12
\BOOKMARK [1][-]{section.3.1}{Quaternionic Vector Spaces}{chapter.3}% 13
\BOOKMARK [1][-]{section.3.2}{Quaternionic Matrices}{chapter.3}% 14
\BOOKMARK [1][-]{section.3.3}{Quaternionic Structures}{chapter.3}% 15
\BOOKMARK [0][-]{chapter.4}{The Study Determinant}{}% 16
\BOOKMARK [1][-]{section.4.1}{The Cayley Determinant and Aslaksen's Axioms}{chapter.4}% 17
\BOOKMARK [2][-]{subsection.4.1.1}{Brenner's Determinant Function and Aslaksen's Axioms}{section.4.1}% 18
\BOOKMARK [1][-]{section.4.2}{Matrix Homomorphisms}{chapter.4}% 19
\BOOKMARK [2][-]{subsection.4.2.1}{Representing Complex Numbers as Real Matrices}{section.4.2}% 20
\BOOKMARK [2][-]{subsection.4.2.2}{Homomorphisms from Mn\(`39`42`"613A``45`47`"603AC\) to M2n\(lR\)}{section.4.2}% 21
\BOOKMARK [2][-]{subsection.4.2.3}{Representing Quaternions as Complex Matrices}{section.4.2}% 22
\BOOKMARK [2][-]{subsection.4.2.4}{Homomorphisms from Mn\(`39`42`"613A``45`47`"603AH\) to M2n\(`39`42`"613A``45`47`"603AC\)}{section.4.2}% 23
\BOOKMARK [1][-]{section.4.3}{The Study Determinant}{chapter.4}% 24
\BOOKMARK [0][-]{chapter.5}{Summary and Recommendations}{}% 25
\BOOKMARK [0][-]{appendix*.11}{List of References}{}% 26
